2025-09-04 05:44:52,284|INFO|looper.py|Starting up indy-node
2025-09-04 05:44:52,631|INFO|ledger.py|Starting ledger...
2025-09-04 05:44:52,767|INFO|ledger.py|Recovering tree from transaction log
2025-09-04 05:44:53,128|INFO|ledger.py|Recovered tree in 0.3609147879997181 seconds
2025-09-04 05:44:53,596|INFO|ledger.py|Starting ledger...
2025-09-04 05:44:53,778|INFO|ledger.py|Recovering tree from transaction log
2025-09-04 05:44:54,019|INFO|ledger.py|Recovered tree in 0.26285462799933157 seconds
2025-09-04 05:44:54,413|INFO|ledger.py|Starting ledger...
2025-09-04 05:44:54,610|INFO|ledger.py|Recovering tree from transaction log
2025-09-04 05:44:54,893|INFO|ledger.py|Recovered tree in 0.2830229089995555 seconds
2025-09-04 05:44:55,447|INFO|ledger.py|Starting ledger...
2025-09-04 05:44:55,628|INFO|ledger.py|Recovering tree from transaction log
2025-09-04 05:44:56,133|INFO|ledger.py|Recovered tree in 0.5046004589994482 seconds
2025-09-04 05:44:56,900|NOTIFICATION|node_bootstrap.py|BLS: BLS Signatures will be used for Node GS1Germany
2025-09-04 05:44:56,900|INFO|pool_manager.py|GS1Germany sets node MainIncubator (EQ2oCtWpMdUCzKgQ2hvbyQ2i6VyJuQF9LcpHRfiah6rW) order to 13
2025-09-04 05:44:56,901|INFO|pool_manager.py|GS1Germany sets node tubzecm (Ddqm5GATTcEb5hrgMBbVL8w6R6mtTHjUpdpyCeWg3pVS) order to 7
2025-09-04 05:44:56,901|INFO|pool_manager.py|GS1Germany sets node Bosch (9oB1GdDzFyn4p1Pb6BotYuSXozdwDWXW5s2jRjg86KpZ) order to 5
2025-09-04 05:44:56,902|INFO|pool_manager.py|GS1Germany sets node Bundesdruckerei (8CMjmTUmAULZ25XUmLx3Gd2HX8bKf5uwPvF6oxcv3qfz) order to 15
2025-09-04 05:44:56,903|INFO|pool_manager.py|GS1Germany sets node esatus_AG (BQ1YEL8oXssKxaF4ZVwZCCk3px4BxDjVim3pFG8Y5Gk6) order to 9
2025-09-04 05:44:56,903|INFO|pool_manager.py|GS1Germany sets node Commerzbank (5coVfaQRWkjapQTxvJutUciSHLRwzk8yuR2CngufN78T) order to 11
2025-09-04 05:44:56,904|INFO|pool_manager.py|GS1Germany sets node DeutscheBahn (Ahb65rjbm94hNxM8jynTbWBMZyNmuuvtvsCAyntKSd3k) order to 12
2025-09-04 05:44:56,904|INFO|pool_manager.py|GS1Germany sets node siemens (9XrquGpmLMXq5v5UuVLmPdZ5nPVDbdtMLSEWzE9Phm8H) order to 7
2025-09-04 05:44:56,905|INFO|pool_manager.py|GS1Germany sets node T-Labs (9k4Sjfxg2XqP2GcVAPHFuVJeY2bLbSUCPcVty6FRLzbY) order to 6
2025-09-04 05:44:59,180|INFO|notifier_plugin_manager.py|Found notifier plugins: []
2025-09-04 05:44:59,213|INFO|notifier_plugin_manager.py|Found notifier plugins: []
2025-09-04 05:44:59,558|INFO|stacks.py|GS1GermanyC: clients connections tracking is enabled.
2025-09-04 05:44:59,559|INFO|stacks.py|GS1GermanyC: client stack restart is enabled.
2025-09-04 05:44:59,631|NOTIFICATION|plugin_loader.py|skipping plugin plugin_firebase_stats_consumer[class: <class 'plenum.server.plugin.stats_consumer.stats_publisher.StatsPublisher'>] because it does not have a 'pluginType' attribute
2025-09-04 05:44:59,632|NOTIFICATION|plugin_loader.py|skipping plugin plugin_firebase_stats_consumer[class: <enum 'Topic'>] because it does not have a 'pluginType' attribute
2025-09-04 05:44:59,633|NOTIFICATION|plugin_loader.py|skipping plugin plugin_firebase_stats_consumer[class: <class 'plenum.server.plugin_loader.HasDynamicallyImportedModules'>] because it does not have a 'pluginType' attribute
2025-09-04 05:44:59,634|NOTIFICATION|plugin_loader.py|skipping plugin plugin_firebase_stats_consumer[class: <class 'plenum.server.stats_consumer.StatsConsumer'>] because it does not have a 'pluginType' attribute
2025-09-04 05:44:59,636|INFO|plugin_loader.py|plugin FirebaseStatsConsumer successfully loaded from module plugin_firebase_stats_consumer
2025-09-04 05:44:59,638|INFO|node.py|GS1Germany updated its pool parameters: f 2, totalNodes 9, allNodeNames {'Bosch', 'Bundesdruckerei', 'siemens', 'MainIncubator', 'Commerzbank', 'T-Labs', 'DeutscheBahn', 'tubzecm', 'esatus_AG'}, requiredNumberOfInstances 3, minimumNodes 5, quorums {'n': 9, 'f': 2, 'weak': Quorum(3), 'strong': Quorum(7), 'propagate': Quorum(3), 'prepare': Quorum(6), 'commit': Quorum(7), 'reply': Quorum(3), 'view_change': Quorum(7), 'election': Quorum(7), 'view_change_ack': Quorum(6), 'view_change_done': Quorum(7), 'same_consistency_proof': Quorum(3), 'consistency_proof': Quorum(3), 'ledger_status': Quorum(6), 'ledger_status_last_3PC': Quorum(3), 'checkpoint': Quorum(6), 'timestamp': Quorum(3), 'bls_signatures': Quorum(7), 'observer_data': Quorum(3), 'backup_instance_faulty': Quorum(3)}
2025-09-04 05:44:59,640|INFO|consensus_shared_data.py|GS1Germany:0 updated validators list to ['MainIncubator', 'tubzecm', 'Bosch', 'Bundesdruckerei', 'esatus_AG', 'Commerzbank', 'DeutscheBahn', 'siemens', 'T-Labs']
2025-09-04 05:44:59,645|INFO|primary_connection_monitor_service.py|GS1Germany:0 scheduling primary connection check in 60 sec
2025-09-04 05:44:59,646|NOTIFICATION|replicas.py|GS1Germany added replica GS1Germany:0 to instance 0 (master)
2025-09-04 05:44:59,647|INFO|replicas.py|reset monitor due to replica addition
2025-09-04 05:44:59,649|INFO|consensus_shared_data.py|GS1Germany:1 updated validators list to ['MainIncubator', 'tubzecm', 'Bosch', 'Bundesdruckerei', 'esatus_AG', 'Commerzbank', 'DeutscheBahn', 'siemens', 'T-Labs']
2025-09-04 05:44:59,653|NOTIFICATION|replicas.py|GS1Germany added replica GS1Germany:1 to instance 1 (backup)
2025-09-04 05:44:59,654|INFO|replicas.py|reset monitor due to replica addition
2025-09-04 05:44:59,656|INFO|consensus_shared_data.py|GS1Germany:2 updated validators list to ['MainIncubator', 'tubzecm', 'Bosch', 'Bundesdruckerei', 'esatus_AG', 'Commerzbank', 'DeutscheBahn', 'siemens', 'T-Labs']
2025-09-04 05:44:59,660|NOTIFICATION|replicas.py|GS1Germany added replica GS1Germany:2 to instance 2 (backup)
2025-09-04 05:44:59,661|INFO|replicas.py|reset monitor due to replica addition
2025-09-04 05:44:59,663|INFO|consensus_shared_data.py|GS1Germany:0 updated validators list to {'Bosch', 'Bundesdruckerei', 'siemens', 'MainIncubator', 'Commerzbank', 'T-Labs', 'DeutscheBahn', 'tubzecm', 'esatus_AG'}
2025-09-04 05:44:59,664|INFO|consensus_shared_data.py|GS1Germany:1 updated validators list to {'Bosch', 'Bundesdruckerei', 'siemens', 'MainIncubator', 'Commerzbank', 'T-Labs', 'DeutscheBahn', 'tubzecm', 'esatus_AG'}
2025-09-04 05:44:59,665|INFO|consensus_shared_data.py|GS1Germany:2 updated validators list to {'Bosch', 'Bundesdruckerei', 'siemens', 'MainIncubator', 'Commerzbank', 'T-Labs', 'DeutscheBahn', 'tubzecm', 'esatus_AG'}
2025-09-04 05:44:59,666|INFO|replica.py|GS1Germany:0 setting primaryName for view no 0 to: MainIncubator:0
2025-09-04 05:44:59,667|NOTIFICATION|primary_connection_monitor_service.py|GS1Germany:0 lost connection to primary of master
2025-09-04 05:44:59,668|INFO|primary_connection_monitor_service.py|GS1Germany:0 scheduling primary connection check in 60 sec
2025-09-04 05:44:59,669|NOTIFICATION|node.py|PRIMARY SELECTION:  selected primary MainIncubator:0 for instance 0 (view 0)
2025-09-04 05:44:59,670|INFO|replica.py|GS1Germany:1 setting primaryName for view no 0 to: tubzecm:1
2025-09-04 05:44:59,671|NOTIFICATION|node.py|PRIMARY SELECTION:  selected primary tubzecm:1 for instance 1 (view 0)
2025-09-04 05:44:59,672|INFO|replica.py|GS1Germany:2 setting primaryName for view no 0 to: Bosch:2
2025-09-04 05:44:59,673|NOTIFICATION|node.py|PRIMARY SELECTION:  selected primary Bosch:2 for instance 2 (view 0)
2025-09-04 05:44:59,679|INFO|node.py|total plugins loaded in node: 0
2025-09-04 05:44:59,689|INFO|ledgers_bootstrap.py|<indy_node.server.node_bootstrap.NodeBootstrap object at 0x7fcd0a1e5b80> found state to be empty, recreating from ledger 0
2025-09-04 05:44:59,751|INFO|ledgers_bootstrap.py|<indy_node.server.node_bootstrap.NodeBootstrap object at 0x7fcd0a1e5b80> initialized state for ledger 0: state root EMC6FeNiUvUESTdjxCSguqFEaFEvTLXXJ9rCAERCTe47
2025-09-04 05:44:59,752|INFO|ledgers_bootstrap.py|<indy_node.server.node_bootstrap.NodeBootstrap object at 0x7fcd0a1e5b80> found state to be empty, recreating from ledger 2
2025-09-04 05:44:59,753|INFO|ledgers_bootstrap.py|<indy_node.server.node_bootstrap.NodeBootstrap object at 0x7fcd0a1e5b80> initialized state for ledger 2: state root DfNLmH4DAHTKv63YPFJzuRdeEtVwF5RtVnvKYHd8iLEA
2025-09-04 05:44:59,754|INFO|ledgers_bootstrap.py|<indy_node.server.node_bootstrap.NodeBootstrap object at 0x7fcd0a1e5b80> found state to be empty, recreating from ledger 1
2025-09-04 05:44:59,841|INFO|ledgers_bootstrap.py|<indy_node.server.node_bootstrap.NodeBootstrap object at 0x7fcd0a1e5b80> initialized state for ledger 1: state root 5RSuEfp8Jv5ZwD5r2b7hcmSZXcqPLr6CoaxNpzJymRis
2025-09-04 05:44:59,842|INFO|motor.py|GS1Germany changing status from stopped to starting
2025-09-04 05:45:00,104|INFO|zstack.py|GS1Germany will bind its listener at 0.0.0.0:9701
2025-09-04 05:45:00,106|INFO|stacks.py|CONNECTION: GS1Germany listening for other nodes at 0.0.0.0:9701
2025-09-04 05:45:00,148|INFO|zstack.py|GS1GermanyC will bind its listener at 0.0.0.0:9702
2025-09-04 05:45:00,362|INFO|node.py|GS1Germany first time running...
2025-09-04 05:45:00,364|INFO|node.py|GS1Germany processed 0 Ordered batches for instance 0 before starting catch up
2025-09-04 05:45:00,366|INFO|node.py|GS1Germany processed 0 Ordered batches for instance 1 before starting catch up
2025-09-04 05:45:00,367|INFO|node.py|GS1Germany processed 0 Ordered batches for instance 2 before starting catch up
2025-09-04 05:45:00,368|INFO|ordering_service.py|GS1Germany:0 reverted 0 batches before starting catch up
2025-09-04 05:45:00,371|INFO|node_leecher_service.py|GS1Germany:NodeLeecherService starting catchup (is_initial=True)
2025-09-04 05:45:00,373|INFO|node_leecher_service.py|GS1Germany:NodeLeecherService transitioning from Idle to PreSyncingPool
2025-09-04 05:45:00,374|INFO|cons_proof_service.py|GS1Germany:ConsProofService:0 starts
2025-09-04 05:45:00,385|INFO|kit_zstack.py|CONNECTION: GS1Germany found the following missing connections: Bosch, Bundesdruckerei, siemens, MainIncubator, Commerzbank, T-Labs, DeutscheBahn, tubzecm, esatus_AG
2025-09-04 05:45:00,417|INFO|zstack.py|CONNECTION: GS1Germany looking for Bosch at 20.52.38.11:9701
2025-09-04 05:45:00,447|INFO|zstack.py|CONNECTION: GS1Germany looking for Bundesdruckerei at 193.28.64.163:9701
2025-09-04 05:45:00,467|INFO|zstack.py|CONNECTION: GS1Germany looking for siemens at 3.120.0.165:9701
2025-09-04 05:45:00,508|INFO|zstack.py|CONNECTION: GS1Germany looking for MainIncubator at 35.207.81.15:9701
2025-09-04 05:45:00,570|INFO|zstack.py|CONNECTION: GS1Germany looking for Commerzbank at 20.52.50.218:9701
2025-09-04 05:45:00,632|INFO|zstack.py|CONNECTION: GS1Germany looking for T-Labs at 185.27.183.119:9701
2025-09-04 05:45:00,696|INFO|zstack.py|CONNECTION: GS1Germany looking for DeutscheBahn at 81.200.193.232:9701
2025-09-04 05:45:00,743|INFO|zstack.py|CONNECTION: GS1Germany looking for tubzecm at 141.23.35.186:9701
2025-09-04 05:45:00,787|INFO|zstack.py|CONNECTION: GS1Germany looking for esatus_AG at 194.110.133.202:9701
2025-09-04 05:45:40,375|INFO|cons_proof_service.py|GS1Germany:ConsProofService:0 asking for ledger status of ledger 0
2025-09-04 05:46:24,839|INFO|looper.py|Starting up indy-node
2025-09-04 05:46:25,208|INFO|ledger.py|Starting ledger...
2025-09-04 05:46:25,314|INFO|ledger.py|Recovering tree from transaction log
2025-09-04 05:46:25,704|INFO|ledger.py|Recovered tree in 0.389708882999912 seconds
2025-09-04 05:46:26,146|INFO|ledger.py|Starting ledger...
2025-09-04 05:46:26,280|INFO|ledger.py|Recovering tree from hash store of size 9
2025-09-04 05:46:26,303|INFO|ledger.py|Recovered tree in 0.022368987999470846 seconds
2025-09-04 05:46:28,206|INFO|ledger.py|Starting ledger...
2025-09-04 05:46:28,422|INFO|ledger.py|Recovering tree from hash store of size 14
2025-09-04 05:46:28,425|INFO|ledger.py|Recovered tree in 0.0022850499999549356 seconds
2025-09-04 05:46:28,810|INFO|ledger.py|Starting ledger...
2025-09-04 05:46:28,941|INFO|ledger.py|Recovering tree from transaction log
2025-09-04 05:46:29,242|INFO|ledger.py|Recovered tree in 0.30096407899964106 seconds
2025-09-04 05:46:30,649|NOTIFICATION|node_bootstrap.py|BLS: BLS Signatures will be used for Node GS1Germany
2025-09-04 05:46:30,651|INFO|pool_manager.py|GS1Germany sets node MainIncubator (EQ2oCtWpMdUCzKgQ2hvbyQ2i6VyJuQF9LcpHRfiah6rW) order to 13
2025-09-04 05:46:30,653|INFO|pool_manager.py|GS1Germany sets node tubzecm (Ddqm5GATTcEb5hrgMBbVL8w6R6mtTHjUpdpyCeWg3pVS) order to 7
2025-09-04 05:46:30,655|INFO|pool_manager.py|GS1Germany sets node Bosch (9oB1GdDzFyn4p1Pb6BotYuSXozdwDWXW5s2jRjg86KpZ) order to 5
2025-09-04 05:46:30,657|INFO|pool_manager.py|GS1Germany sets node Bundesdruckerei (8CMjmTUmAULZ25XUmLx3Gd2HX8bKf5uwPvF6oxcv3qfz) order to 15
2025-09-04 05:46:30,659|INFO|pool_manager.py|GS1Germany sets node esatus_AG (BQ1YEL8oXssKxaF4ZVwZCCk3px4BxDjVim3pFG8Y5Gk6) order to 9
2025-09-04 05:46:30,661|INFO|pool_manager.py|GS1Germany sets node Commerzbank (5coVfaQRWkjapQTxvJutUciSHLRwzk8yuR2CngufN78T) order to 11
2025-09-04 05:46:30,662|INFO|pool_manager.py|GS1Germany sets node DeutscheBahn (Ahb65rjbm94hNxM8jynTbWBMZyNmuuvtvsCAyntKSd3k) order to 12
2025-09-04 05:46:30,664|INFO|pool_manager.py|GS1Germany sets node siemens (9XrquGpmLMXq5v5UuVLmPdZ5nPVDbdtMLSEWzE9Phm8H) order to 7
2025-09-04 05:46:30,666|INFO|pool_manager.py|GS1Germany sets node T-Labs (9k4Sjfxg2XqP2GcVAPHFuVJeY2bLbSUCPcVty6FRLzbY) order to 6
2025-09-04 05:46:32,223|INFO|notifier_plugin_manager.py|Found notifier plugins: []
2025-09-04 05:46:32,281|INFO|notifier_plugin_manager.py|Found notifier plugins: []
2025-09-04 05:46:32,652|INFO|stacks.py|GS1GermanyC: clients connections tracking is enabled.
2025-09-04 05:46:32,653|INFO|stacks.py|GS1GermanyC: client stack restart is enabled.
2025-09-04 05:46:32,702|NOTIFICATION|plugin_loader.py|skipping plugin plugin_firebase_stats_consumer[class: <class 'plenum.server.plugin.stats_consumer.stats_publisher.StatsPublisher'>] because it does not have a 'pluginType' attribute
2025-09-04 05:46:32,703|NOTIFICATION|plugin_loader.py|skipping plugin plugin_firebase_stats_consumer[class: <enum 'Topic'>] because it does not have a 'pluginType' attribute
2025-09-04 05:46:32,704|NOTIFICATION|plugin_loader.py|skipping plugin plugin_firebase_stats_consumer[class: <class 'plenum.server.plugin_loader.HasDynamicallyImportedModules'>] because it does not have a 'pluginType' attribute
2025-09-04 05:46:32,705|NOTIFICATION|plugin_loader.py|skipping plugin plugin_firebase_stats_consumer[class: <class 'plenum.server.stats_consumer.StatsConsumer'>] because it does not have a 'pluginType' attribute
2025-09-04 05:46:32,706|INFO|plugin_loader.py|plugin FirebaseStatsConsumer successfully loaded from module plugin_firebase_stats_consumer
2025-09-04 05:46:32,708|INFO|node.py|GS1Germany updated its pool parameters: f 2, totalNodes 9, allNodeNames {'MainIncubator', 'Bosch', 'tubzecm', 'Commerzbank', 'Bundesdruckerei', 'siemens', 'DeutscheBahn', 'T-Labs', 'esatus_AG'}, requiredNumberOfInstances 3, minimumNodes 5, quorums {'n': 9, 'f': 2, 'weak': Quorum(3), 'strong': Quorum(7), 'propagate': Quorum(3), 'prepare': Quorum(6), 'commit': Quorum(7), 'reply': Quorum(3), 'view_change': Quorum(7), 'election': Quorum(7), 'view_change_ack': Quorum(6), 'view_change_done': Quorum(7), 'same_consistency_proof': Quorum(3), 'consistency_proof': Quorum(3), 'ledger_status': Quorum(6), 'ledger_status_last_3PC': Quorum(3), 'checkpoint': Quorum(6), 'timestamp': Quorum(3), 'bls_signatures': Quorum(7), 'observer_data': Quorum(3), 'backup_instance_faulty': Quorum(3)}
2025-09-04 05:46:32,709|INFO|consensus_shared_data.py|GS1Germany:0 updated validators list to ['MainIncubator', 'tubzecm', 'Bosch', 'Bundesdruckerei', 'esatus_AG', 'Commerzbank', 'DeutscheBahn', 'siemens', 'T-Labs']
2025-09-04 05:46:32,714|INFO|primary_connection_monitor_service.py|GS1Germany:0 scheduling primary connection check in 60 sec
2025-09-04 05:46:32,716|NOTIFICATION|replicas.py|GS1Germany added replica GS1Germany:0 to instance 0 (master)
2025-09-04 05:46:32,717|INFO|replicas.py|reset monitor due to replica addition
2025-09-04 05:46:32,719|INFO|consensus_shared_data.py|GS1Germany:1 updated validators list to ['MainIncubator', 'tubzecm', 'Bosch', 'Bundesdruckerei', 'esatus_AG', 'Commerzbank', 'DeutscheBahn', 'siemens', 'T-Labs']
2025-09-04 05:46:32,723|NOTIFICATION|replicas.py|GS1Germany added replica GS1Germany:1 to instance 1 (backup)
2025-09-04 05:46:32,724|INFO|replicas.py|reset monitor due to replica addition
2025-09-04 05:46:32,726|INFO|consensus_shared_data.py|GS1Germany:2 updated validators list to ['MainIncubator', 'tubzecm', 'Bosch', 'Bundesdruckerei', 'esatus_AG', 'Commerzbank', 'DeutscheBahn', 'siemens', 'T-Labs']
2025-09-04 05:46:32,730|NOTIFICATION|replicas.py|GS1Germany added replica GS1Germany:2 to instance 2 (backup)
2025-09-04 05:46:32,731|INFO|replicas.py|reset monitor due to replica addition
2025-09-04 05:46:32,732|INFO|consensus_shared_data.py|GS1Germany:0 updated validators list to {'MainIncubator', 'Bosch', 'tubzecm', 'Commerzbank', 'Bundesdruckerei', 'siemens', 'DeutscheBahn', 'T-Labs', 'esatus_AG'}
2025-09-04 05:46:32,733|INFO|consensus_shared_data.py|GS1Germany:1 updated validators list to {'MainIncubator', 'Bosch', 'tubzecm', 'Commerzbank', 'Bundesdruckerei', 'siemens', 'DeutscheBahn', 'T-Labs', 'esatus_AG'}
2025-09-04 05:46:32,734|INFO|consensus_shared_data.py|GS1Germany:2 updated validators list to {'MainIncubator', 'Bosch', 'tubzecm', 'Commerzbank', 'Bundesdruckerei', 'siemens', 'DeutscheBahn', 'T-Labs', 'esatus_AG'}
2025-09-04 05:46:32,735|INFO|replica.py|GS1Germany:0 setting primaryName for view no 0 to: MainIncubator:0
2025-09-04 05:46:32,736|NOTIFICATION|primary_connection_monitor_service.py|GS1Germany:0 lost connection to primary of master
2025-09-04 05:46:32,737|INFO|primary_connection_monitor_service.py|GS1Germany:0 scheduling primary connection check in 60 sec
2025-09-04 05:46:32,738|NOTIFICATION|node.py|PRIMARY SELECTION:  selected primary MainIncubator:0 for instance 0 (view 0)
2025-09-04 05:46:32,739|INFO|replica.py|GS1Germany:1 setting primaryName for view no 0 to: tubzecm:1
2025-09-04 05:46:32,740|NOTIFICATION|node.py|PRIMARY SELECTION:  selected primary tubzecm:1 for instance 1 (view 0)
2025-09-04 05:46:32,741|INFO|replica.py|GS1Germany:2 setting primaryName for view no 0 to: Bosch:2
2025-09-04 05:46:32,742|NOTIFICATION|node.py|PRIMARY SELECTION:  selected primary Bosch:2 for instance 2 (view 0)
2025-09-04 05:46:32,746|INFO|node.py|total plugins loaded in node: 0
2025-09-04 05:46:32,758|INFO|ledgers_bootstrap.py|<indy_node.server.node_bootstrap.NodeBootstrap object at 0x741d67dc8b80> initialized state for ledger 0: state root EMC6FeNiUvUESTdjxCSguqFEaFEvTLXXJ9rCAERCTe47
2025-09-04 05:46:32,759|INFO|ledgers_bootstrap.py|<indy_node.server.node_bootstrap.NodeBootstrap object at 0x741d67dc8b80> found state to be empty, recreating from ledger 2
2025-09-04 05:46:32,760|INFO|ledgers_bootstrap.py|<indy_node.server.node_bootstrap.NodeBootstrap object at 0x741d67dc8b80> initialized state for ledger 2: state root DfNLmH4DAHTKv63YPFJzuRdeEtVwF5RtVnvKYHd8iLEA
2025-09-04 05:46:32,761|INFO|ledgers_bootstrap.py|<indy_node.server.node_bootstrap.NodeBootstrap object at 0x741d67dc8b80> initialized state for ledger 1: state root 5RSuEfp8Jv5ZwD5r2b7hcmSZXcqPLr6CoaxNpzJymRis
2025-09-04 05:46:32,762|INFO|motor.py|GS1Germany changing status from stopped to starting
2025-09-04 05:46:33,048|INFO|zstack.py|GS1Germany will bind its listener at 0.0.0.0:9701
2025-09-04 05:46:33,050|INFO|stacks.py|CONNECTION: GS1Germany listening for other nodes at 0.0.0.0:9701
2025-09-04 05:46:33,093|INFO|zstack.py|GS1GermanyC will bind its listener at 0.0.0.0:9702
2025-09-04 05:46:33,288|INFO|node.py|GS1Germany first time running...
2025-09-04 05:46:33,290|INFO|node.py|GS1Germany processed 0 Ordered batches for instance 0 before starting catch up
2025-09-04 05:46:33,291|INFO|node.py|GS1Germany processed 0 Ordered batches for instance 1 before starting catch up
2025-09-04 05:46:33,292|INFO|node.py|GS1Germany processed 0 Ordered batches for instance 2 before starting catch up
2025-09-04 05:46:33,293|INFO|ordering_service.py|GS1Germany:0 reverted 0 batches before starting catch up
2025-09-04 05:46:33,294|INFO|node_leecher_service.py|GS1Germany:NodeLeecherService starting catchup (is_initial=True)
2025-09-04 05:46:33,295|INFO|node_leecher_service.py|GS1Germany:NodeLeecherService transitioning from Idle to PreSyncingPool
2025-09-04 05:46:33,297|INFO|cons_proof_service.py|GS1Germany:ConsProofService:0 starts
2025-09-04 05:46:33,309|INFO|kit_zstack.py|CONNECTION: GS1Germany found the following missing connections: MainIncubator, Bosch, tubzecm, Commerzbank, Bundesdruckerei, siemens, DeutscheBahn, T-Labs, esatus_AG
2025-09-04 05:46:33,366|INFO|zstack.py|CONNECTION: GS1Germany looking for MainIncubator at 35.207.81.15:9701
2025-09-04 05:46:33,417|INFO|zstack.py|CONNECTION: GS1Germany looking for Bosch at 20.52.38.11:9701
2025-09-04 05:46:33,466|INFO|zstack.py|CONNECTION: GS1Germany looking for tubzecm at 141.23.35.186:9701
2025-09-04 05:46:33,519|INFO|zstack.py|CONNECTION: GS1Germany looking for Commerzbank at 20.52.50.218:9701
2025-09-04 05:46:33,577|INFO|zstack.py|CONNECTION: GS1Germany looking for Bundesdruckerei at 193.28.64.163:9701
2025-09-04 05:46:33,657|INFO|zstack.py|CONNECTION: GS1Germany looking for siemens at 3.120.0.165:9701
2025-09-04 05:46:33,776|INFO|zstack.py|CONNECTION: GS1Germany looking for DeutscheBahn at 81.200.193.232:9701
2025-09-04 05:46:33,848|INFO|zstack.py|CONNECTION: GS1Germany looking for T-Labs at 185.27.183.119:9701
2025-09-04 05:46:33,887|INFO|zstack.py|CONNECTION: GS1Germany looking for esatus_AG at 194.110.133.202:9701
2025-09-04 05:48:46,192|INFO|looper.py|Starting up indy-node
2025-09-04 05:48:46,415|INFO|ledger.py|Starting ledger...
2025-09-04 05:48:46,501|INFO|ledger.py|Recovering tree from transaction log
2025-09-04 05:48:46,656|INFO|ledger.py|Recovered tree in 0.1543226389994743 seconds
2025-09-04 05:48:46,857|INFO|ledger.py|Starting ledger...
2025-09-04 05:48:46,931|INFO|ledger.py|Recovering tree from hash store of size 9
2025-09-04 05:48:46,946|INFO|ledger.py|Recovered tree in 0.015312611999434012 seconds
2025-09-04 05:48:47,114|INFO|ledger.py|Starting ledger...
2025-09-04 05:48:47,215|INFO|ledger.py|Recovering tree from hash store of size 14
2025-09-04 05:48:47,216|INFO|ledger.py|Recovered tree in 0.0012625310000657919 seconds
2025-09-04 05:48:47,410|INFO|ledger.py|Starting ledger...
2025-09-04 05:48:47,463|INFO|ledger.py|Recovering tree from transaction log
2025-09-04 05:48:47,604|INFO|ledger.py|Recovered tree in 0.14121140399947762 seconds
2025-09-04 05:48:48,085|NOTIFICATION|node_bootstrap.py|BLS: BLS Signatures will be used for Node GS1Germany
2025-09-04 05:48:48,086|INFO|pool_manager.py|GS1Germany sets node MainIncubator (EQ2oCtWpMdUCzKgQ2hvbyQ2i6VyJuQF9LcpHRfiah6rW) order to 13
2025-09-04 05:48:48,086|INFO|pool_manager.py|GS1Germany sets node tubzecm (Ddqm5GATTcEb5hrgMBbVL8w6R6mtTHjUpdpyCeWg3pVS) order to 7
2025-09-04 05:48:48,086|INFO|pool_manager.py|GS1Germany sets node Bosch (9oB1GdDzFyn4p1Pb6BotYuSXozdwDWXW5s2jRjg86KpZ) order to 5
2025-09-04 05:48:48,087|INFO|pool_manager.py|GS1Germany sets node Bundesdruckerei (8CMjmTUmAULZ25XUmLx3Gd2HX8bKf5uwPvF6oxcv3qfz) order to 15
2025-09-04 05:48:48,087|INFO|pool_manager.py|GS1Germany sets node esatus_AG (BQ1YEL8oXssKxaF4ZVwZCCk3px4BxDjVim3pFG8Y5Gk6) order to 9
2025-09-04 05:48:48,088|INFO|pool_manager.py|GS1Germany sets node Commerzbank (5coVfaQRWkjapQTxvJutUciSHLRwzk8yuR2CngufN78T) order to 11
2025-09-04 05:48:48,088|INFO|pool_manager.py|GS1Germany sets node DeutscheBahn (Ahb65rjbm94hNxM8jynTbWBMZyNmuuvtvsCAyntKSd3k) order to 12
2025-09-04 05:48:48,089|INFO|pool_manager.py|GS1Germany sets node siemens (9XrquGpmLMXq5v5UuVLmPdZ5nPVDbdtMLSEWzE9Phm8H) order to 7
2025-09-04 05:48:48,089|INFO|pool_manager.py|GS1Germany sets node T-Labs (9k4Sjfxg2XqP2GcVAPHFuVJeY2bLbSUCPcVty6FRLzbY) order to 6
2025-09-04 05:48:48,683|INFO|notifier_plugin_manager.py|Found notifier plugins: []
2025-09-04 05:48:48,698|INFO|notifier_plugin_manager.py|Found notifier plugins: []
2025-09-04 05:48:48,857|INFO|stacks.py|GS1GermanyC: clients connections tracking is enabled.
2025-09-04 05:48:48,858|INFO|stacks.py|GS1GermanyC: client stack restart is enabled.
2025-09-04 05:48:48,885|NOTIFICATION|plugin_loader.py|skipping plugin plugin_firebase_stats_consumer[class: <class 'plenum.server.plugin.stats_consumer.stats_publisher.StatsPublisher'>] because it does not have a 'pluginType' attribute
2025-09-04 05:48:48,886|NOTIFICATION|plugin_loader.py|skipping plugin plugin_firebase_stats_consumer[class: <enum 'Topic'>] because it does not have a 'pluginType' attribute
2025-09-04 05:48:48,886|NOTIFICATION|plugin_loader.py|skipping plugin plugin_firebase_stats_consumer[class: <class 'plenum.server.plugin_loader.HasDynamicallyImportedModules'>] because it does not have a 'pluginType' attribute
2025-09-04 05:48:48,887|NOTIFICATION|plugin_loader.py|skipping plugin plugin_firebase_stats_consumer[class: <class 'plenum.server.stats_consumer.StatsConsumer'>] because it does not have a 'pluginType' attribute
2025-09-04 05:48:48,887|INFO|plugin_loader.py|plugin FirebaseStatsConsumer successfully loaded from module plugin_firebase_stats_consumer
2025-09-04 05:48:48,889|INFO|node.py|GS1Germany updated its pool parameters: f 2, totalNodes 9, allNodeNames {'T-Labs', 'Commerzbank', 'siemens', 'MainIncubator', 'Bosch', 'tubzecm', 'DeutscheBahn', 'esatus_AG', 'Bundesdruckerei'}, requiredNumberOfInstances 3, minimumNodes 5, quorums {'n': 9, 'f': 2, 'weak': Quorum(3), 'strong': Quorum(7), 'propagate': Quorum(3), 'prepare': Quorum(6), 'commit': Quorum(7), 'reply': Quorum(3), 'view_change': Quorum(7), 'election': Quorum(7), 'view_change_ack': Quorum(6), 'view_change_done': Quorum(7), 'same_consistency_proof': Quorum(3), 'consistency_proof': Quorum(3), 'ledger_status': Quorum(6), 'ledger_status_last_3PC': Quorum(3), 'checkpoint': Quorum(6), 'timestamp': Quorum(3), 'bls_signatures': Quorum(7), 'observer_data': Quorum(3), 'backup_instance_faulty': Quorum(3)}
2025-09-04 05:48:48,889|INFO|consensus_shared_data.py|GS1Germany:0 updated validators list to ['MainIncubator', 'tubzecm', 'Bosch', 'Bundesdruckerei', 'esatus_AG', 'Commerzbank', 'DeutscheBahn', 'siemens', 'T-Labs']
2025-09-04 05:48:48,892|INFO|primary_connection_monitor_service.py|GS1Germany:0 scheduling primary connection check in 60 sec
2025-09-04 05:48:48,893|NOTIFICATION|replicas.py|GS1Germany added replica GS1Germany:0 to instance 0 (master)
2025-09-04 05:48:48,893|INFO|replicas.py|reset monitor due to replica addition
2025-09-04 05:48:48,894|INFO|consensus_shared_data.py|GS1Germany:1 updated validators list to ['MainIncubator', 'tubzecm', 'Bosch', 'Bundesdruckerei', 'esatus_AG', 'Commerzbank', 'DeutscheBahn', 'siemens', 'T-Labs']
2025-09-04 05:48:48,896|NOTIFICATION|replicas.py|GS1Germany added replica GS1Germany:1 to instance 1 (backup)
2025-09-04 05:48:48,897|INFO|replicas.py|reset monitor due to replica addition
2025-09-04 05:48:48,897|INFO|consensus_shared_data.py|GS1Germany:2 updated validators list to ['MainIncubator', 'tubzecm', 'Bosch', 'Bundesdruckerei', 'esatus_AG', 'Commerzbank', 'DeutscheBahn', 'siemens', 'T-Labs']
2025-09-04 05:48:48,900|NOTIFICATION|replicas.py|GS1Germany added replica GS1Germany:2 to instance 2 (backup)
2025-09-04 05:48:48,900|INFO|replicas.py|reset monitor due to replica addition
2025-09-04 05:48:48,901|INFO|consensus_shared_data.py|GS1Germany:0 updated validators list to {'T-Labs', 'Commerzbank', 'siemens', 'MainIncubator', 'Bosch', 'tubzecm', 'DeutscheBahn', 'esatus_AG', 'Bundesdruckerei'}
2025-09-04 05:48:48,902|INFO|consensus_shared_data.py|GS1Germany:1 updated validators list to {'T-Labs', 'Commerzbank', 'siemens', 'MainIncubator', 'Bosch', 'tubzecm', 'DeutscheBahn', 'esatus_AG', 'Bundesdruckerei'}
2025-09-04 05:48:48,902|INFO|consensus_shared_data.py|GS1Germany:2 updated validators list to {'T-Labs', 'Commerzbank', 'siemens', 'MainIncubator', 'Bosch', 'tubzecm', 'DeutscheBahn', 'esatus_AG', 'Bundesdruckerei'}
2025-09-04 05:48:48,903|INFO|replica.py|GS1Germany:0 setting primaryName for view no 0 to: MainIncubator:0
2025-09-04 05:48:48,903|NOTIFICATION|primary_connection_monitor_service.py|GS1Germany:0 lost connection to primary of master
2025-09-04 05:48:48,904|INFO|primary_connection_monitor_service.py|GS1Germany:0 scheduling primary connection check in 60 sec
2025-09-04 05:48:48,904|NOTIFICATION|node.py|PRIMARY SELECTION:  selected primary MainIncubator:0 for instance 0 (view 0)
2025-09-04 05:48:48,904|INFO|replica.py|GS1Germany:1 setting primaryName for view no 0 to: tubzecm:1
2025-09-04 05:48:48,905|NOTIFICATION|node.py|PRIMARY SELECTION:  selected primary tubzecm:1 for instance 1 (view 0)
2025-09-04 05:48:48,905|INFO|replica.py|GS1Germany:2 setting primaryName for view no 0 to: Bosch:2
2025-09-04 05:48:48,906|NOTIFICATION|node.py|PRIMARY SELECTION:  selected primary Bosch:2 for instance 2 (view 0)
2025-09-04 05:48:48,908|INFO|node.py|total plugins loaded in node: 0
2025-09-04 05:48:48,913|INFO|ledgers_bootstrap.py|<indy_node.server.node_bootstrap.NodeBootstrap object at 0x76d32e5a9340> initialized state for ledger 0: state root EMC6FeNiUvUESTdjxCSguqFEaFEvTLXXJ9rCAERCTe47
2025-09-04 05:48:48,914|INFO|ledgers_bootstrap.py|<indy_node.server.node_bootstrap.NodeBootstrap object at 0x76d32e5a9340> found state to be empty, recreating from ledger 2
2025-09-04 05:48:48,914|INFO|ledgers_bootstrap.py|<indy_node.server.node_bootstrap.NodeBootstrap object at 0x76d32e5a9340> initialized state for ledger 2: state root DfNLmH4DAHTKv63YPFJzuRdeEtVwF5RtVnvKYHd8iLEA
2025-09-04 05:48:48,915|INFO|ledgers_bootstrap.py|<indy_node.server.node_bootstrap.NodeBootstrap object at 0x76d32e5a9340> initialized state for ledger 1: state root 5RSuEfp8Jv5ZwD5r2b7hcmSZXcqPLr6CoaxNpzJymRis
2025-09-04 05:48:48,916|INFO|motor.py|GS1Germany changing status from stopped to starting
2025-09-04 05:48:49,018|INFO|zstack.py|GS1Germany will bind its listener at 0.0.0.0:9701
2025-09-04 05:48:49,019|INFO|stacks.py|CONNECTION: GS1Germany listening for other nodes at 0.0.0.0:9701
2025-09-04 05:48:49,033|INFO|zstack.py|GS1GermanyC will bind its listener at 0.0.0.0:9702
2025-09-04 05:48:49,114|INFO|node.py|GS1Germany first time running...
2025-09-04 05:48:49,115|INFO|node.py|GS1Germany processed 0 Ordered batches for instance 0 before starting catch up
2025-09-04 05:48:49,115|INFO|node.py|GS1Germany processed 0 Ordered batches for instance 1 before starting catch up
2025-09-04 05:48:49,116|INFO|node.py|GS1Germany processed 0 Ordered batches for instance 2 before starting catch up
2025-09-04 05:48:49,116|INFO|ordering_service.py|GS1Germany:0 reverted 0 batches before starting catch up
2025-09-04 05:48:49,117|INFO|node_leecher_service.py|GS1Germany:NodeLeecherService starting catchup (is_initial=True)
2025-09-04 05:48:49,117|INFO|node_leecher_service.py|GS1Germany:NodeLeecherService transitioning from Idle to PreSyncingPool
2025-09-04 05:48:49,118|INFO|cons_proof_service.py|GS1Germany:ConsProofService:0 starts
2025-09-04 05:48:49,124|INFO|kit_zstack.py|CONNECTION: GS1Germany found the following missing connections: T-Labs, Commerzbank, siemens, MainIncubator, Bosch, tubzecm, DeutscheBahn, esatus_AG, Bundesdruckerei
2025-09-04 05:48:49,146|INFO|zstack.py|CONNECTION: GS1Germany looking for T-Labs at 185.27.183.119:9701
2025-09-04 05:48:49,165|INFO|zstack.py|CONNECTION: GS1Germany looking for Commerzbank at 20.52.50.218:9701
2025-09-04 05:48:49,185|INFO|zstack.py|CONNECTION: GS1Germany looking for siemens at 3.120.0.165:9701
2025-09-04 05:48:49,204|INFO|zstack.py|CONNECTION: GS1Germany looking for MainIncubator at 35.207.81.15:9701
2025-09-04 05:48:49,224|INFO|zstack.py|CONNECTION: GS1Germany looking for Bosch at 20.52.38.11:9701
2025-09-04 05:48:49,243|INFO|zstack.py|CONNECTION: GS1Germany looking for tubzecm at 141.23.35.186:9701
2025-09-04 05:48:49,263|INFO|zstack.py|CONNECTION: GS1Germany looking for DeutscheBahn at 81.200.193.232:9701
2025-09-04 05:48:49,283|INFO|zstack.py|CONNECTION: GS1Germany looking for esatus_AG at 194.110.133.202:9701
2025-09-04 05:48:49,303|INFO|zstack.py|CONNECTION: GS1Germany looking for Bundesdruckerei at 193.28.64.163:9701
2025-09-04 05:49:29,124|INFO|cons_proof_service.py|GS1Germany:ConsProofService:0 asking for ledger status of ledger 0
2025-09-04 05:49:48,889|NOTIFICATION|primary_connection_monitor_service.py|GS1Germany:0 primary has been disconnected for too long
2025-09-04 05:49:48,890|INFO|primary_connection_monitor_service.py|GS1Germany:0 The node is not ready yet so view change will not be proposed now, but re-scheduled.
2025-09-04 05:49:48,891|INFO|primary_connection_monitor_service.py|GS1Germany:0 scheduling primary connection check in 60 sec
2025-09-04 05:49:48,904|NOTIFICATION|primary_connection_monitor_service.py|GS1Germany:0 primary has been disconnected for too long
2025-09-04 05:49:48,904|INFO|primary_connection_monitor_service.py|GS1Germany:0 The node is not ready yet so view change will not be proposed now, but re-scheduled.
2025-09-04 05:49:48,905|INFO|primary_connection_monitor_service.py|GS1Germany:0 scheduling primary connection check in 60 sec
2025-09-04 05:50:09,124|INFO|cons_proof_service.py|GS1Germany:ConsProofService:0 asking for ledger status of ledger 0
2025-09-04 05:50:48,892|NOTIFICATION|primary_connection_monitor_service.py|GS1Germany:0 primary has been disconnected for too long
2025-09-04 05:50:48,892|INFO|primary_connection_monitor_service.py|GS1Germany:0 The node is not ready yet so view change will not be proposed now, but re-scheduled.
2025-09-04 05:50:48,893|INFO|primary_connection_monitor_service.py|GS1Germany:0 scheduling primary connection check in 60 sec
2025-09-04 05:50:48,905|NOTIFICATION|primary_connection_monitor_service.py|GS1Germany:0 primary has been disconnected for too long
2025-09-04 05:50:48,905|INFO|primary_connection_monitor_service.py|GS1Germany:0 The node is not ready yet so view change will not be proposed now, but re-scheduled.
2025-09-04 05:50:48,905|INFO|primary_connection_monitor_service.py|GS1Germany:0 scheduling primary connection check in 60 sec
2025-09-04 05:50:49,129|INFO|cons_proof_service.py|GS1Germany:ConsProofService:0 asking for ledger status of ledger 0
2025-09-04 05:51:29,131|INFO|cons_proof_service.py|GS1Germany:ConsProofService:0 asking for ledger status of ledger 0
2025-09-04 05:54:47,888|INFO|looper.py|Starting up indy-node
2025-09-04 05:54:48,541|INFO|ledger.py|Starting ledger...
2025-09-04 05:54:48,701|INFO|ledger.py|Recovering tree from transaction log
2025-09-04 05:54:48,970|INFO|ledger.py|Recovered tree in 0.2688878389999445 seconds
2025-09-04 05:54:49,331|INFO|ledger.py|Starting ledger...
2025-09-04 05:54:49,422|INFO|ledger.py|Recovering tree from hash store of size 9
2025-09-04 05:54:49,457|INFO|ledger.py|Recovered tree in 0.03580614200018317 seconds
2025-09-04 05:54:49,723|INFO|ledger.py|Starting ledger...
2025-09-04 05:54:49,838|INFO|ledger.py|Recovering tree from hash store of size 14
2025-09-04 05:54:49,840|INFO|ledger.py|Recovered tree in 0.0019033620001209783 seconds
2025-09-04 05:54:50,117|INFO|ledger.py|Starting ledger...
2025-09-04 05:54:50,207|INFO|ledger.py|Recovering tree from transaction log
2025-09-04 05:54:50,396|INFO|ledger.py|Recovered tree in 0.18889684500027215 seconds
2025-09-04 05:54:50,961|NOTIFICATION|node_bootstrap.py|BLS: BLS Signatures will be used for Node GS1Germany
2025-09-04 05:54:50,961|INFO|pool_manager.py|GS1Germany sets node MainIncubator (EQ2oCtWpMdUCzKgQ2hvbyQ2i6VyJuQF9LcpHRfiah6rW) order to 13
2025-09-04 05:54:50,962|INFO|pool_manager.py|GS1Germany sets node tubzecm (Ddqm5GATTcEb5hrgMBbVL8w6R6mtTHjUpdpyCeWg3pVS) order to 7
2025-09-04 05:54:50,963|INFO|pool_manager.py|GS1Germany sets node Bosch (9oB1GdDzFyn4p1Pb6BotYuSXozdwDWXW5s2jRjg86KpZ) order to 5
2025-09-04 05:54:50,963|INFO|pool_manager.py|GS1Germany sets node Bundesdruckerei (8CMjmTUmAULZ25XUmLx3Gd2HX8bKf5uwPvF6oxcv3qfz) order to 15
2025-09-04 05:54:50,964|INFO|pool_manager.py|GS1Germany sets node esatus_AG (BQ1YEL8oXssKxaF4ZVwZCCk3px4BxDjVim3pFG8Y5Gk6) order to 9
2025-09-04 05:54:50,964|INFO|pool_manager.py|GS1Germany sets node Commerzbank (5coVfaQRWkjapQTxvJutUciSHLRwzk8yuR2CngufN78T) order to 11
2025-09-04 05:54:50,965|INFO|pool_manager.py|GS1Germany sets node DeutscheBahn (Ahb65rjbm94hNxM8jynTbWBMZyNmuuvtvsCAyntKSd3k) order to 12
2025-09-04 05:54:50,965|INFO|pool_manager.py|GS1Germany sets node siemens (9XrquGpmLMXq5v5UuVLmPdZ5nPVDbdtMLSEWzE9Phm8H) order to 7
2025-09-04 05:54:50,966|INFO|pool_manager.py|GS1Germany sets node T-Labs (9k4Sjfxg2XqP2GcVAPHFuVJeY2bLbSUCPcVty6FRLzbY) order to 6
2025-09-04 05:54:51,723|INFO|notifier_plugin_manager.py|Found notifier plugins: []
2025-09-04 05:54:51,748|INFO|notifier_plugin_manager.py|Found notifier plugins: []
2025-09-04 05:54:51,928|INFO|stacks.py|GS1GermanyC: clients connections tracking is enabled.
2025-09-04 05:54:51,929|INFO|stacks.py|GS1GermanyC: client stack restart is enabled.
2025-09-04 05:54:51,958|NOTIFICATION|plugin_loader.py|skipping plugin plugin_firebase_stats_consumer[class: <class 'plenum.server.plugin.stats_consumer.stats_publisher.StatsPublisher'>] because it does not have a 'pluginType' attribute
2025-09-04 05:54:51,959|NOTIFICATION|plugin_loader.py|skipping plugin plugin_firebase_stats_consumer[class: <enum 'Topic'>] because it does not have a 'pluginType' attribute
2025-09-04 05:54:51,960|NOTIFICATION|plugin_loader.py|skipping plugin plugin_firebase_stats_consumer[class: <class 'plenum.server.plugin_loader.HasDynamicallyImportedModules'>] because it does not have a 'pluginType' attribute
2025-09-04 05:54:51,960|NOTIFICATION|plugin_loader.py|skipping plugin plugin_firebase_stats_consumer[class: <class 'plenum.server.stats_consumer.StatsConsumer'>] because it does not have a 'pluginType' attribute
2025-09-04 05:54:51,961|INFO|plugin_loader.py|plugin FirebaseStatsConsumer successfully loaded from module plugin_firebase_stats_consumer
2025-09-04 05:54:51,962|INFO|node.py|GS1Germany updated its pool parameters: f 2, totalNodes 9, allNodeNames {'Bundesdruckerei', 'MainIncubator', 'DeutscheBahn', 'siemens', 'Commerzbank', 'esatus_AG', 'T-Labs', 'tubzecm', 'Bosch'}, requiredNumberOfInstances 3, minimumNodes 5, quorums {'n': 9, 'f': 2, 'weak': Quorum(3), 'strong': Quorum(7), 'propagate': Quorum(3), 'prepare': Quorum(6), 'commit': Quorum(7), 'reply': Quorum(3), 'view_change': Quorum(7), 'election': Quorum(7), 'view_change_ack': Quorum(6), 'view_change_done': Quorum(7), 'same_consistency_proof': Quorum(3), 'consistency_proof': Quorum(3), 'ledger_status': Quorum(6), 'ledger_status_last_3PC': Quorum(3), 'checkpoint': Quorum(6), 'timestamp': Quorum(3), 'bls_signatures': Quorum(7), 'observer_data': Quorum(3), 'backup_instance_faulty': Quorum(3)}
2025-09-04 05:54:51,963|INFO|consensus_shared_data.py|GS1Germany:0 updated validators list to ['MainIncubator', 'tubzecm', 'Bosch', 'Bundesdruckerei', 'esatus_AG', 'Commerzbank', 'DeutscheBahn', 'siemens', 'T-Labs']
2025-09-04 05:54:51,966|INFO|primary_connection_monitor_service.py|GS1Germany:0 scheduling primary connection check in 60 sec
2025-09-04 05:54:51,967|NOTIFICATION|replicas.py|GS1Germany added replica GS1Germany:0 to instance 0 (master)
2025-09-04 05:54:51,967|INFO|replicas.py|reset monitor due to replica addition
2025-09-04 05:54:51,968|INFO|consensus_shared_data.py|GS1Germany:1 updated validators list to ['MainIncubator', 'tubzecm', 'Bosch', 'Bundesdruckerei', 'esatus_AG', 'Commerzbank', 'DeutscheBahn', 'siemens', 'T-Labs']
2025-09-04 05:54:51,970|NOTIFICATION|replicas.py|GS1Germany added replica GS1Germany:1 to instance 1 (backup)
2025-09-04 05:54:51,971|INFO|replicas.py|reset monitor due to replica addition
2025-09-04 05:54:51,972|INFO|consensus_shared_data.py|GS1Germany:2 updated validators list to ['MainIncubator', 'tubzecm', 'Bosch', 'Bundesdruckerei', 'esatus_AG', 'Commerzbank', 'DeutscheBahn', 'siemens', 'T-Labs']
2025-09-04 05:54:51,974|NOTIFICATION|replicas.py|GS1Germany added replica GS1Germany:2 to instance 2 (backup)
2025-09-04 05:54:51,974|INFO|replicas.py|reset monitor due to replica addition
2025-09-04 05:54:51,975|INFO|consensus_shared_data.py|GS1Germany:0 updated validators list to {'Bundesdruckerei', 'MainIncubator', 'DeutscheBahn', 'siemens', 'Commerzbank', 'esatus_AG', 'T-Labs', 'tubzecm', 'Bosch'}
2025-09-04 05:54:51,975|INFO|consensus_shared_data.py|GS1Germany:1 updated validators list to {'Bundesdruckerei', 'MainIncubator', 'DeutscheBahn', 'siemens', 'Commerzbank', 'esatus_AG', 'T-Labs', 'tubzecm', 'Bosch'}
2025-09-04 05:54:51,976|INFO|consensus_shared_data.py|GS1Germany:2 updated validators list to {'Bundesdruckerei', 'MainIncubator', 'DeutscheBahn', 'siemens', 'Commerzbank', 'esatus_AG', 'T-Labs', 'tubzecm', 'Bosch'}
2025-09-04 05:54:51,976|INFO|replica.py|GS1Germany:0 setting primaryName for view no 0 to: MainIncubator:0
2025-09-04 05:54:51,977|NOTIFICATION|primary_connection_monitor_service.py|GS1Germany:0 lost connection to primary of master
2025-09-04 05:54:51,978|INFO|primary_connection_monitor_service.py|GS1Germany:0 scheduling primary connection check in 60 sec
2025-09-04 05:54:51,978|NOTIFICATION|node.py|PRIMARY SELECTION:  selected primary MainIncubator:0 for instance 0 (view 0)
2025-09-04 05:54:51,979|INFO|replica.py|GS1Germany:1 setting primaryName for view no 0 to: tubzecm:1
2025-09-04 05:54:51,979|NOTIFICATION|node.py|PRIMARY SELECTION:  selected primary tubzecm:1 for instance 1 (view 0)
2025-09-04 05:54:51,980|INFO|replica.py|GS1Germany:2 setting primaryName for view no 0 to: Bosch:2
2025-09-04 05:54:51,981|NOTIFICATION|node.py|PRIMARY SELECTION:  selected primary Bosch:2 for instance 2 (view 0)
2025-09-04 05:54:51,983|INFO|node.py|total plugins loaded in node: 0
2025-09-04 05:54:51,990|INFO|ledgers_bootstrap.py|<indy_node.server.node_bootstrap.NodeBootstrap object at 0x707d8e6e7340> initialized state for ledger 0: state root EMC6FeNiUvUESTdjxCSguqFEaFEvTLXXJ9rCAERCTe47
2025-09-04 05:54:51,990|INFO|ledgers_bootstrap.py|<indy_node.server.node_bootstrap.NodeBootstrap object at 0x707d8e6e7340> found state to be empty, recreating from ledger 2
2025-09-04 05:54:51,991|INFO|ledgers_bootstrap.py|<indy_node.server.node_bootstrap.NodeBootstrap object at 0x707d8e6e7340> initialized state for ledger 2: state root DfNLmH4DAHTKv63YPFJzuRdeEtVwF5RtVnvKYHd8iLEA
2025-09-04 05:54:51,991|INFO|ledgers_bootstrap.py|<indy_node.server.node_bootstrap.NodeBootstrap object at 0x707d8e6e7340> initialized state for ledger 1: state root 5RSuEfp8Jv5ZwD5r2b7hcmSZXcqPLr6CoaxNpzJymRis
2025-09-04 05:54:51,992|INFO|motor.py|GS1Germany changing status from stopped to starting
2025-09-04 05:54:52,119|INFO|zstack.py|GS1Germany will bind its listener at 0.0.0.0:9701
2025-09-04 05:54:52,120|INFO|stacks.py|CONNECTION: GS1Germany listening for other nodes at 0.0.0.0:9701
2025-09-04 05:54:52,142|INFO|zstack.py|GS1GermanyC will bind its listener at 0.0.0.0:9702
2025-09-04 05:54:52,257|INFO|node.py|GS1Germany first time running...
2025-09-04 05:54:52,259|INFO|node.py|GS1Germany processed 0 Ordered batches for instance 0 before starting catch up
2025-09-04 05:54:52,260|INFO|node.py|GS1Germany processed 0 Ordered batches for instance 1 before starting catch up
2025-09-04 05:54:52,260|INFO|node.py|GS1Germany processed 0 Ordered batches for instance 2 before starting catch up
2025-09-04 05:54:52,261|INFO|ordering_service.py|GS1Germany:0 reverted 0 batches before starting catch up
2025-09-04 05:54:52,262|INFO|node_leecher_service.py|GS1Germany:NodeLeecherService starting catchup (is_initial=True)
2025-09-04 05:54:52,262|INFO|node_leecher_service.py|GS1Germany:NodeLeecherService transitioning from Idle to PreSyncingPool
2025-09-04 05:54:52,263|INFO|cons_proof_service.py|GS1Germany:ConsProofService:0 starts
2025-09-04 05:54:52,272|INFO|kit_zstack.py|CONNECTION: GS1Germany found the following missing connections: Bundesdruckerei, MainIncubator, DeutscheBahn, siemens, Commerzbank, esatus_AG, T-Labs, tubzecm, Bosch
2025-09-04 05:54:52,300|INFO|zstack.py|CONNECTION: GS1Germany looking for Bundesdruckerei at 193.28.64.163:9701
2025-09-04 05:54:52,326|INFO|zstack.py|CONNECTION: GS1Germany looking for MainIncubator at 35.207.81.15:9701
2025-09-04 05:54:52,352|INFO|zstack.py|CONNECTION: GS1Germany looking for DeutscheBahn at 81.200.193.232:9701
2025-09-04 05:54:52,375|INFO|zstack.py|CONNECTION: GS1Germany looking for siemens at 3.120.0.165:9701
2025-09-04 05:54:52,399|INFO|zstack.py|CONNECTION: GS1Germany looking for Commerzbank at 20.52.50.218:9701
2025-09-04 05:54:52,425|INFO|zstack.py|CONNECTION: GS1Germany looking for esatus_AG at 194.110.133.202:9701
2025-09-04 05:54:52,450|INFO|zstack.py|CONNECTION: GS1Germany looking for T-Labs at 185.27.183.119:9701
2025-09-04 05:54:52,482|INFO|zstack.py|CONNECTION: GS1Germany looking for tubzecm at 141.23.35.186:9701
2025-09-04 05:54:52,537|INFO|zstack.py|CONNECTION: GS1Germany looking for Bosch at 20.52.38.11:9701
2025-09-04 05:55:32,267|INFO|cons_proof_service.py|GS1Germany:ConsProofService:0 asking for ledger status of ledger 0
2025-09-04 05:55:51,962|NOTIFICATION|primary_connection_monitor_service.py|GS1Germany:0 primary has been disconnected for too long
2025-09-04 05:55:51,963|INFO|primary_connection_monitor_service.py|GS1Germany:0 The node is not ready yet so view change will not be proposed now, but re-scheduled.
2025-09-04 05:55:51,965|INFO|primary_connection_monitor_service.py|GS1Germany:0 scheduling primary connection check in 60 sec
2025-09-04 05:55:51,979|NOTIFICATION|primary_connection_monitor_service.py|GS1Germany:0 primary has been disconnected for too long
2025-09-04 05:55:51,980|INFO|primary_connection_monitor_service.py|GS1Germany:0 The node is not ready yet so view change will not be proposed now, but re-scheduled.
2025-09-04 05:55:51,982|INFO|primary_connection_monitor_service.py|GS1Germany:0 scheduling primary connection check in 60 sec
2025-09-04 05:56:12,268|INFO|cons_proof_service.py|GS1Germany:ConsProofService:0 asking for ledger status of ledger 0
2025-09-04 05:56:51,964|NOTIFICATION|primary_connection_monitor_service.py|GS1Germany:0 primary has been disconnected for too long
2025-09-04 05:56:51,965|INFO|primary_connection_monitor_service.py|GS1Germany:0 The node is not ready yet so view change will not be proposed now, but re-scheduled.
2025-09-04 05:56:51,965|INFO|primary_connection_monitor_service.py|GS1Germany:0 scheduling primary connection check in 60 sec
2025-09-04 05:56:51,988|NOTIFICATION|primary_connection_monitor_service.py|GS1Germany:0 primary has been disconnected for too long
2025-09-04 05:56:51,988|INFO|primary_connection_monitor_service.py|GS1Germany:0 The node is not ready yet so view change will not be proposed now, but re-scheduled.
2025-09-04 05:56:51,989|INFO|primary_connection_monitor_service.py|GS1Germany:0 scheduling primary connection check in 60 sec
2025-09-04 05:56:52,270|INFO|cons_proof_service.py|GS1Germany:ConsProofService:0 asking for ledger status of ledger 0
2025-09-04 05:57:32,273|INFO|cons_proof_service.py|GS1Germany:ConsProofService:0 asking for ledger status of ledger 0
2025-09-04 05:57:51,965|NOTIFICATION|primary_connection_monitor_service.py|GS1Germany:0 primary has been disconnected for too long
2025-09-04 05:57:51,966|INFO|primary_connection_monitor_service.py|GS1Germany:0 The node is not ready yet so view change will not be proposed now, but re-scheduled.
2025-09-04 05:57:51,967|INFO|primary_connection_monitor_service.py|GS1Germany:0 scheduling primary connection check in 60 sec
2025-09-04 05:57:51,991|NOTIFICATION|primary_connection_monitor_service.py|GS1Germany:0 primary has been disconnected for too long
2025-09-04 05:57:51,992|INFO|primary_connection_monitor_service.py|GS1Germany:0 The node is not ready yet so view change will not be proposed now, but re-scheduled.
2025-09-04 05:57:51,993|INFO|primary_connection_monitor_service.py|GS1Germany:0 scheduling primary connection check in 60 sec
2025-09-04 05:58:12,271|INFO|cons_proof_service.py|GS1Germany:ConsProofService:0 asking for ledger status of ledger 0
2025-09-04 05:58:51,965|NOTIFICATION|primary_connection_monitor_service.py|GS1Germany:0 primary has been disconnected for too long
2025-09-04 05:58:51,966|INFO|primary_connection_monitor_service.py|GS1Germany:0 The node is not ready yet so view change will not be proposed now, but re-scheduled.
2025-09-04 05:58:51,966|INFO|primary_connection_monitor_service.py|GS1Germany:0 scheduling primary connection check in 60 sec
2025-09-04 05:58:52,000|NOTIFICATION|primary_connection_monitor_service.py|GS1Germany:0 primary has been disconnected for too long
2025-09-04 05:58:52,001|INFO|primary_connection_monitor_service.py|GS1Germany:0 The node is not ready yet so view change will not be proposed now, but re-scheduled.
2025-09-04 05:58:52,001|INFO|primary_connection_monitor_service.py|GS1Germany:0 scheduling primary connection check in 60 sec
2025-09-04 05:58:52,272|INFO|cons_proof_service.py|GS1Germany:ConsProofService:0 asking for ledger status of ledger 0
2025-09-04 05:59:32,271|INFO|cons_proof_service.py|GS1Germany:ConsProofService:0 asking for ledger status of ledger 0
2025-09-04 05:59:51,968|NOTIFICATION|primary_connection_monitor_service.py|GS1Germany:0 primary has been disconnected for too long
2025-09-04 05:59:51,969|INFO|primary_connection_monitor_service.py|GS1Germany:0 The node is not ready yet so view change will not be proposed now, but re-scheduled.
2025-09-04 05:59:51,969|INFO|primary_connection_monitor_service.py|GS1Germany:0 scheduling primary connection check in 60 sec
2025-09-04 05:59:52,003|NOTIFICATION|primary_connection_monitor_service.py|GS1Germany:0 primary has been disconnected for too long
2025-09-04 05:59:52,004|INFO|primary_connection_monitor_service.py|GS1Germany:0 The node is not ready yet so view change will not be proposed now, but re-scheduled.
2025-09-04 05:59:52,004|INFO|primary_connection_monitor_service.py|GS1Germany:0 scheduling primary connection check in 60 sec
2025-09-04 06:00:12,273|INFO|cons_proof_service.py|GS1Germany:ConsProofService:0 asking for ledger status of ledger 0
2025-09-04 06:00:51,971|NOTIFICATION|primary_connection_monitor_service.py|GS1Germany:0 primary has been disconnected for too long
2025-09-04 06:00:51,972|INFO|primary_connection_monitor_service.py|GS1Germany:0 The node is not ready yet so view change will not be proposed now, but re-scheduled.
2025-09-04 06:00:51,973|INFO|primary_connection_monitor_service.py|GS1Germany:0 scheduling primary connection check in 60 sec
2025-09-04 06:00:52,010|NOTIFICATION|primary_connection_monitor_service.py|GS1Germany:0 primary has been disconnected for too long
2025-09-04 06:00:52,011|INFO|primary_connection_monitor_service.py|GS1Germany:0 The node is not ready yet so view change will not be proposed now, but re-scheduled.
2025-09-04 06:00:52,011|INFO|primary_connection_monitor_service.py|GS1Germany:0 scheduling primary connection check in 60 sec
2025-09-04 06:00:52,274|INFO|cons_proof_service.py|GS1Germany:ConsProofService:0 asking for ledger status of ledger 0
2025-09-04 06:01:32,278|INFO|cons_proof_service.py|GS1Germany:ConsProofService:0 asking for ledger status of ledger 0
2025-09-04 06:01:51,972|NOTIFICATION|primary_connection_monitor_service.py|GS1Germany:0 primary has been disconnected for too long
2025-09-04 06:01:51,973|INFO|primary_connection_monitor_service.py|GS1Germany:0 The node is not ready yet so view change will not be proposed now, but re-scheduled.
2025-09-04 06:01:51,973|INFO|primary_connection_monitor_service.py|GS1Germany:0 scheduling primary connection check in 60 sec
2025-09-04 06:01:52,011|NOTIFICATION|primary_connection_monitor_service.py|GS1Germany:0 primary has been disconnected for too long
2025-09-04 06:01:52,011|INFO|primary_connection_monitor_service.py|GS1Germany:0 The node is not ready yet so view change will not be proposed now, but re-scheduled.
2025-09-04 06:01:52,011|INFO|primary_connection_monitor_service.py|GS1Germany:0 scheduling primary connection check in 60 sec
2025-09-04 06:02:12,282|INFO|cons_proof_service.py|GS1Germany:ConsProofService:0 asking for ledger status of ledger 0
2025-09-04 06:02:51,969|NOTIFICATION|primary_connection_monitor_service.py|GS1Germany:0 primary has been disconnected for too long
2025-09-04 06:02:51,971|INFO|primary_connection_monitor_service.py|GS1Germany:0 The node is not ready yet so view change will not be proposed now, but re-scheduled.
2025-09-04 06:02:51,972|INFO|primary_connection_monitor_service.py|GS1Germany:0 scheduling primary connection check in 60 sec
2025-09-04 06:02:52,014|NOTIFICATION|primary_connection_monitor_service.py|GS1Germany:0 primary has been disconnected for too long
2025-09-04 06:02:52,016|INFO|primary_connection_monitor_service.py|GS1Germany:0 The node is not ready yet so view change will not be proposed now, but re-scheduled.
2025-09-04 06:02:52,017|INFO|primary_connection_monitor_service.py|GS1Germany:0 scheduling primary connection check in 60 sec
2025-09-04 06:02:52,284|INFO|cons_proof_service.py|GS1Germany:ConsProofService:0 asking for ledger status of ledger 0
2025-09-04 06:03:32,285|INFO|cons_proof_service.py|GS1Germany:ConsProofService:0 asking for ledger status of ledger 0
2025-09-04 06:03:51,978|NOTIFICATION|primary_connection_monitor_service.py|GS1Germany:0 primary has been disconnected for too long
2025-09-04 06:03:51,978|INFO|primary_connection_monitor_service.py|GS1Germany:0 The node is not ready yet so view change will not be proposed now, but re-scheduled.
2025-09-04 06:03:51,979|INFO|primary_connection_monitor_service.py|GS1Germany:0 scheduling primary connection check in 60 sec
2025-09-04 06:03:52,023|NOTIFICATION|primary_connection_monitor_service.py|GS1Germany:0 primary has been disconnected for too long
2025-09-04 06:03:52,024|INFO|primary_connection_monitor_service.py|GS1Germany:0 The node is not ready yet so view change will not be proposed now, but re-scheduled.
2025-09-04 06:03:52,024|INFO|primary_connection_monitor_service.py|GS1Germany:0 scheduling primary connection check in 60 sec
2025-09-04 06:04:12,284|INFO|cons_proof_service.py|GS1Germany:ConsProofService:0 asking for ledger status of ledger 0
2025-09-04 06:04:51,977|NOTIFICATION|primary_connection_monitor_service.py|GS1Germany:0 primary has been disconnected for too long
2025-09-04 06:04:51,977|INFO|primary_connection_monitor_service.py|GS1Germany:0 The node is not ready yet so view change will not be proposed now, but re-scheduled.
2025-09-04 06:04:51,978|INFO|primary_connection_monitor_service.py|GS1Germany:0 scheduling primary connection check in 60 sec
2025-09-04 06:04:52,023|NOTIFICATION|primary_connection_monitor_service.py|GS1Germany:0 primary has been disconnected for too long
2025-09-04 06:04:52,024|INFO|primary_connection_monitor_service.py|GS1Germany:0 The node is not ready yet so view change will not be proposed now, but re-scheduled.
2025-09-04 06:04:52,024|INFO|primary_connection_monitor_service.py|GS1Germany:0 scheduling primary connection check in 60 sec
2025-09-04 06:04:52,281|INFO|cons_proof_service.py|GS1Germany:ConsProofService:0 asking for ledger status of ledger 0
2025-09-04 06:05:32,281|INFO|cons_proof_service.py|GS1Germany:ConsProofService:0 asking for ledger status of ledger 0
2025-09-04 06:05:51,977|NOTIFICATION|primary_connection_monitor_service.py|GS1Germany:0 primary has been disconnected for too long
2025-09-04 06:05:51,978|INFO|primary_connection_monitor_service.py|GS1Germany:0 The node is not ready yet so view change will not be proposed now, but re-scheduled.
2025-09-04 06:05:51,979|INFO|primary_connection_monitor_service.py|GS1Germany:0 scheduling primary connection check in 60 sec
2025-09-04 06:05:52,023|NOTIFICATION|primary_connection_monitor_service.py|GS1Germany:0 primary has been disconnected for too long
2025-09-04 06:05:52,024|INFO|primary_connection_monitor_service.py|GS1Germany:0 The node is not ready yet so view change will not be proposed now, but re-scheduled.
2025-09-04 06:05:52,024|INFO|primary_connection_monitor_service.py|GS1Germany:0 scheduling primary connection check in 60 sec
2025-09-04 06:06:12,283|INFO|cons_proof_service.py|GS1Germany:ConsProofService:0 asking for ledger status of ledger 0
2025-09-04 06:06:51,979|NOTIFICATION|primary_connection_monitor_service.py|GS1Germany:0 primary has been disconnected for too long
2025-09-04 06:06:51,981|INFO|primary_connection_monitor_service.py|GS1Germany:0 The node is not ready yet so view change will not be proposed now, but re-scheduled.
2025-09-04 06:06:51,982|INFO|primary_connection_monitor_service.py|GS1Germany:0 scheduling primary connection check in 60 sec
2025-09-04 06:06:52,022|NOTIFICATION|primary_connection_monitor_service.py|GS1Germany:0 primary has been disconnected for too long
2025-09-04 06:06:52,023|INFO|primary_connection_monitor_service.py|GS1Germany:0 The node is not ready yet so view change will not be proposed now, but re-scheduled.
2025-09-04 06:06:52,024|INFO|primary_connection_monitor_service.py|GS1Germany:0 scheduling primary connection check in 60 sec
2025-09-04 06:06:52,291|INFO|cons_proof_service.py|GS1Germany:ConsProofService:0 asking for ledger status of ledger 0
2025-09-04 06:07:32,297|INFO|cons_proof_service.py|GS1Germany:ConsProofService:0 asking for ledger status of ledger 0
2025-09-04 06:07:51,982|NOTIFICATION|primary_connection_monitor_service.py|GS1Germany:0 primary has been disconnected for too long
2025-09-04 06:07:51,983|INFO|primary_connection_monitor_service.py|GS1Germany:0 The node is not ready yet so view change will not be proposed now, but re-scheduled.
2025-09-04 06:07:51,984|INFO|primary_connection_monitor_service.py|GS1Germany:0 scheduling primary connection check in 60 sec
2025-09-04 06:07:52,028|NOTIFICATION|primary_connection_monitor_service.py|GS1Germany:0 primary has been disconnected for too long
2025-09-04 06:07:52,029|INFO|primary_connection_monitor_service.py|GS1Germany:0 The node is not ready yet so view change will not be proposed now, but re-scheduled.
2025-09-04 06:07:52,029|INFO|primary_connection_monitor_service.py|GS1Germany:0 scheduling primary connection check in 60 sec
2025-09-04 06:08:12,298|INFO|cons_proof_service.py|GS1Germany:ConsProofService:0 asking for ledger status of ledger 0
2025-09-04 06:08:51,990|NOTIFICATION|primary_connection_monitor_service.py|GS1Germany:0 primary has been disconnected for too long
2025-09-04 06:08:51,990|INFO|primary_connection_monitor_service.py|GS1Germany:0 The node is not ready yet so view change will not be proposed now, but re-scheduled.
2025-09-04 06:08:51,991|INFO|primary_connection_monitor_service.py|GS1Germany:0 scheduling primary connection check in 60 sec
2025-09-04 06:08:52,035|NOTIFICATION|primary_connection_monitor_service.py|GS1Germany:0 primary has been disconnected for too long
2025-09-04 06:08:52,036|INFO|primary_connection_monitor_service.py|GS1Germany:0 The node is not ready yet so view change will not be proposed now, but re-scheduled.
2025-09-04 06:08:52,036|INFO|primary_connection_monitor_service.py|GS1Germany:0 scheduling primary connection check in 60 sec
2025-09-04 06:08:52,304|INFO|cons_proof_service.py|GS1Germany:ConsProofService:0 asking for ledger status of ledger 0
2025-09-04 06:09:32,313|INFO|cons_proof_service.py|GS1Germany:ConsProofService:0 asking for ledger status of ledger 0
2025-09-04 06:09:51,991|NOTIFICATION|primary_connection_monitor_service.py|GS1Germany:0 primary has been disconnected for too long
2025-09-04 06:09:51,992|INFO|primary_connection_monitor_service.py|GS1Germany:0 The node is not ready yet so view change will not be proposed now, but re-scheduled.
2025-09-04 06:09:51,992|INFO|primary_connection_monitor_service.py|GS1Germany:0 scheduling primary connection check in 60 sec
2025-09-04 06:09:52,036|NOTIFICATION|primary_connection_monitor_service.py|GS1Germany:0 primary has been disconnected for too long
2025-09-04 06:09:52,036|INFO|primary_connection_monitor_service.py|GS1Germany:0 The node is not ready yet so view change will not be proposed now, but re-scheduled.
2025-09-04 06:09:52,037|INFO|primary_connection_monitor_service.py|GS1Germany:0 scheduling primary connection check in 60 sec
2025-09-04 06:10:12,318|INFO|cons_proof_service.py|GS1Germany:ConsProofService:0 asking for ledger status of ledger 0
